{->-1
integer->-1
identifier->(1, 0)
;->-1
integer->-1
identifier->(2, 0)
;->-1
integer->-1
identifier->(3, 0)
;->-1
input_integer->-1
(->-1
identifier->(1, 0)
)->-1
;->-1
input_integer->-1
(->-1
identifier->(2, 0)
)->-1
;->-1
input_integer->-1
(->-1
identifier->(3, 0)
)->-1
;->-1
integer->-1
identifier->(1, 1)
;->-1
identifier->(1, 1)
=->-1
identifier->(1, 0)
;->-1
if->-1
(->-1
identifier->(2, 0)
<->-1
identifier->(1, 0)
)->-1
{->-1
identifier->(1, 1)
=->-1
identifier->(2, 0)
;->-1
}->-1
if->-1
(->-1
identifier->(3, 0)
<->-1
identifier->(1, 1)
)->-1
{->-1
identifier->(1, 1)
=->-1
identifier->(3, 0)
;->-1
}->-1
print->-1
(->-1
identifier->(1, 1)
)->-1
;->-1
}->-1
